<?xml version="1.0" encoding="UTF-8"?>
<!-- Generated by org.testng.reporters.JUnitReportReporter -->
<testsuite skipped="0" hostname="DESKTOP-FF1NHT0" name="org.adact.ExecutableClass" tests="1" failures="0" timestamp="18 May 2020 10:23:01 GMT" time="15.654" errors="0">
  <testcase name="test" time="15.654" classname="org.adact.ExecutableClass"/>
</testsuite> <!-- org.adact.ExecutableClass -->
