<?xml version="1.0" encoding="UTF-8"?>
<!-- Generated by org.testng.reporters.JUnitReportReporter -->
<testsuite hostname="DESKTOP-FF1NHT0" name="org.tstnggroup.DataProvider" tests="3" failures="0" timestamp="6 May 2020 11:11:23 GMT" time="26.798" errors="0">
  <testcase name="test1" time="10.837" classname="org.tstnggroup.DataProvider"/>
  <testcase name="test1" time="7.823" classname="org.tstnggroup.DataProvider"/>
  <testcase name="test1" time="8.138" classname="org.tstnggroup.DataProvider"/>
</testsuite> <!-- org.tstnggroup.DataProvider -->
