<?xml version="1.0" encoding="UTF-8"?>
<!-- Generated by org.testng.reporters.JUnitReportReporter -->
<testsuite hostname="DESKTOP-FF1NHT0" name="org.tstnggroup.ExecutableClass" tests="2" failures="0" timestamp="6 May 2020 10:19:08 GMT" time="0.021" errors="0">
  <testcase name="test2" time="0.017" classname="org.tstnggroup.ExecutableClass"/>
  <testcase name="test5" time="0.004" classname="org.tstnggroup.ExecutableClass"/>
</testsuite> <!-- org.tstnggroup.ExecutableClass -->
