<?xml version="1.0" encoding="UTF-8"?>
<!-- Generated by org.testng.reporters.JUnitReportReporter -->
<testsuite hostname="DESKTOP-FF1NHT0" name="org.testng.NewClass" tests="2" failures="0" timestamp="4 May 2020 13:07:50 GMT" time="0.012" errors="0">
  <testcase name="test2" time="0.003" classname="org.testng.NewClass"/>
  <testcase name="test1" time="0.009" classname="org.testng.NewClass"/>
</testsuite> <!-- org.testng.NewClass -->
