<?xml version="1.0" encoding="UTF-8"?>
<!-- Generated by org.testng.reporters.JUnitReportReporter -->
<testsuite hostname="DESKTOP-FF1NHT0" name="org.testng.FaceBookLog" tests="2" failures="0" timestamp="4 May 2020 13:07:50 GMT" time="0.022" errors="0">
  <testcase name="test2" time="0.004" classname="org.testng.FaceBookLog"/>
  <testcase name="test1" time="0.018" classname="org.testng.FaceBookLog"/>
</testsuite> <!-- org.testng.FaceBookLog -->
