<?xml version="1.0" encoding="UTF-8"?>
<!-- Generated by org.testng.reporters.JUnitReportReporter -->
<testsuite hostname="DESKTOP-FF1NHT0" name="org.tstnggroup.AnotherClassWithDataPro" tests="3" failures="0" timestamp="6 May 2020 11:57:41 GMT" time="24.625" errors="0">
  <testcase name="test" time="7.918" classname="org.tstnggroup.AnotherClassWithDataPro"/>
  <testcase name="test" time="8.912" classname="org.tstnggroup.AnotherClassWithDataPro"/>
  <testcase name="test" time="7.795" classname="org.tstnggroup.AnotherClassWithDataPro"/>
</testsuite> <!-- org.tstnggroup.AnotherClassWithDataPro -->
